<?xml version="1.0" encoding="UTF-8"?>
<testng-results ignored="0" total="1" passed="1" failed="0" skipped="0">
  <reporter-output>
  </reporter-output>
  <suite started-at="2024-06-09T16:42:29 IST" name="Default suite" finished-at="2024-06-09T16:42:29 IST" duration-ms="106">
    <groups>
    </groups>
    <test started-at="2024-06-09T16:42:29 IST" name="Default test" finished-at="2024-06-09T16:42:29 IST" duration-ms="106">
      <class name="testCaseFile.Jenkin2NG">
        <test-method signature="m1()[pri:0, instance:testCaseFile.Jenkin2NG@3a7442c7]" started-at="2024-06-09T16:42:29 IST" name="m1" finished-at="2024-06-09T16:42:29 IST" duration-ms="17" status="PASS">
          <reporter-output>
          </reporter-output>
        </test-method> <!-- m1 -->
      </class> <!-- testCaseFile.Jenkin2NG -->
    </test> <!-- Default test -->
  </suite> <!-- Default suite -->
</testng-results>
